# JRE version: OpenJDK Runtime Environment (8.0_212-b04) (build 1.8.0_212-release-1586-b04)
# Java VM: OpenJDK 64-Bit Server VM (25.212-b04 mixed mode windows-amd64 compressed oops)
Heap:
 PSYoungGen      total 425984K, used 257711K [0x00000000e0000000, 0x0000000100000000, 0x0000000100000000)
  eden space 402432K, 58% used [0x00000000e0000000,0x00000000ee4b2508,0x00000000f8900000)
  from space 23552K, 99% used [0x00000000f8900000,0x00000000f9ff97a8,0x00000000fa000000)
  to   space 34816K, 0% used [0x00000000fde00000,0x00000000fde00000,0x0000000100000000)
 ParOldGen       total 130048K, used 63794K [0x00000000a0000000, 0x00000000a7f00000, 0x00000000e0000000)
  object space 130048K, 49% used [0x00000000a0000000,0x00000000a3e4c8f0,0x00000000a7f00000)
 Metaspace       used 81063K, capacity 84074K, committed 84352K, reserved 1122304K
  class space    used 10378K, capacity 11073K, committed 11136K, reserved 1048576K
GC Heap History (10 events):
Event: 37.070 GC heap before
{Heap before GC invocations=18 (full 2):
 PSYoungGen      total 299008K, used 285747K [0x00000000e0000000, 0x00000000f6c80000, 0x0000000100000000)
  eden space 284160K, 100% used [0x00000000e0000000,0x00000000f1580000,0x00000000f1580000)
  from space 14848K, 10% used [0x00000000f1580000,0x00000000f170cf50,0x00000000f2400000)
  to   space 14848K, 0% used [0x00000000f5e00000,0x00000000f5e00000,0x00000000f6c80000)
 ParOldGen       total 83968K, used 25484K [0x00000000a0000000, 0x00000000a5200000, 0x00000000e0000000)
  object space 83968K, 30% used [0x00000000a0000000,0x00000000a18e3090,0x00000000a5200000)
 Metaspace       used 46491K, capacity 47588K, committed 47744K, reserved 1091584K
  class space    used 5963K, capacity 6255K, committed 6272K, reserved 1048576K
Event: 37.074 GC heap after
Heap after GC invocations=18 (full 2):
 PSYoungGen      total 358400K, used 2481K [0x00000000e0000000, 0x00000000f7000000, 0x0000000100000000)
  eden space 343552K, 0% used [0x00000000e0000000,0x00000000e0000000,0x00000000f4f80000)
  from space 14848K, 16% used [0x00000000f5e00000,0x00000000f606c588,0x00000000f6c80000)
  to   space 14848K, 0% used [0x00000000f4f80000,0x00000000f4f80000,0x00000000f5e00000)
 ParOldGen       total 83968K, used 25492K [0x00000000a0000000, 0x00000000a5200000, 0x00000000e0000000)
  object space 83968K, 30% used [0x00000000a0000000,0x00000000a18e5090,0x00000000a5200000)
 Metaspace       used 46491K, capacity 47588K, committed 47744K, reserved 1091584K
  class space    used 5963K, capacity 6255K, committed 6272K, reserved 1048576K
}
Event: 38.153 GC heap before
{Heap before GC invocations=19 (full 2):
 PSYoungGen      total 358400K, used 131057K [0x00000000e0000000, 0x00000000f7000000, 0x0000000100000000)
  eden space 343552K, 37% used [0x00000000e0000000,0x00000000e7d900b8,0x00000000f4f80000)
  from space 14848K, 16% used [0x00000000f5e00000,0x00000000f606c588,0x00000000f6c80000)
  to   space 14848K, 0% used [0x00000000f4f80000,0x00000000f4f80000,0x00000000f5e00000)
 ParOldGen       total 83968K, used 25492K [0x00000000a0000000, 0x00000000a5200000, 0x00000000e0000000)
  object space 83968K, 30% used [0x00000000a0000000,0x00000000a18e5090,0x00000000a5200000)
 Metaspace       used 57452K, capacity 58980K, committed 59160K, reserved 1101824K
  class space    used 7405K, capacity 7777K, committed 7808K, reserved 1048576K
Event: 38.168 GC heap after
Heap after GC invocations=19 (full 2):
 PSYoungGen      total 358400K, used 14823K [0x00000000e0000000, 0x00000000fb200000, 0x0000000100000000)
  eden space 343552K, 0% used [0x00000000e0000000,0x00000000e0000000,0x00000000f4f80000)
  from space 14848K, 99% used [0x00000000f4f80000,0x00000000f5df9d18,0x00000000f5e00000)
  to   space 18432K, 0% used [0x00000000fa000000,0x00000000fa000000,0x00000000fb200000)
 ParOldGen       total 83968K, used 28534K [0x00000000a0000000, 0x00000000a5200000, 0x00000000e0000000)
  object space 83968K, 33% used [0x00000000a0000000,0x00000000a1bdd8a8,0x00000000a5200000)
 Metaspace       used 57452K, capacity 58980K, committed 59160K, reserved 1101824K
  class space    used 7405K, capacity 7777K, committed 7808K, reserved 1048576K
}
Event: 38.168 GC heap before
{Heap before GC invocations=20 (full 3):
 PSYoungGen      total 358400K, used 14823K [0x00000000e0000000, 0x00000000fb200000, 0x0000000100000000)
  eden space 343552K, 0% used [0x00000000e0000000,0x00000000e0000000,0x00000000f4f80000)
  from space 14848K, 99% used [0x00000000f4f80000,0x00000000f5df9d18,0x00000000f5e00000)
  to   space 18432K, 0% used [0x00000000fa000000,0x00000000fa000000,0x00000000fb200000)
 ParOldGen       total 83968K, used 28534K [0x00000000a0000000, 0x00000000a5200000, 0x00000000e0000000)
  object space 83968K, 33% used [0x00000000a0000000,0x00000000a1bdd8a8,0x00000000a5200000)
 Metaspace       used 57452K, capacity 58980K, committed 59160K, reserved 1101824K
  class space    used 7405K, capacity 7777K, committed 7808K, reserved 1048576K
Event: 38.359 GC heap after
Heap after GC invocations=20 (full 3):
 PSYoungGen      total 358400K, used 0K [0x00000000e0000000, 0x00000000fb200000, 0x0000000100000000)
  eden space 343552K, 0% used [0x00000000e0000000,0x00000000e0000000,0x00000000f4f80000)
  from space 14848K, 0% used [0x00000000f4f80000,0x00000000f4f80000,0x00000000f5e00000)
  to   space 18432K, 0% used [0x00000000fa000000,0x00000000fa000000,0x00000000fb200000)
 ParOldGen       total 130048K, used 38582K [0x00000000a0000000, 0x00000000a7f00000, 0x00000000e0000000)
  object space 130048K, 29% used [0x00000000a0000000,0x00000000a25ad960,0x00000000a7f00000)
 Metaspace       used 57369K, capacity 58784K, committed 59160K, reserved 1101824K
  class space    used 7381K, capacity 7744K, committed 7808K, reserved 1048576K
}
Event: 61.609 GC heap before
{Heap before GC invocations=21 (full 3):
 PSYoungGen      total 358400K, used 343013K [0x00000000e0000000, 0x00000000fb200000, 0x0000000100000000)
  eden space 343552K, 99% used [0x00000000e0000000,0x00000000f4ef9408,0x00000000f4f80000)
  from space 14848K, 0% used [0x00000000f4f80000,0x00000000f4f80000,0x00000000f5e00000)
  to   space 18432K, 0% used [0x00000000fa000000,0x00000000fa000000,0x00000000fb200000)
 ParOldGen       total 130048K, used 38582K [0x00000000a0000000, 0x00000000a7f00000, 0x00000000e0000000)
  object space 130048K, 29% used [0x00000000a0000000,0x00000000a25ad960,0x00000000a7f00000)
 Metaspace       used 71255K, capacity 73334K, committed 73472K, reserved 1112064K
  class space    used 9430K, capacity 9900K, committed 9984K, reserved 1048576K
Event: 61.642 GC heap after
Heap after GC invocations=21 (full 3):
 PSYoungGen      total 420864K, used 18410K [0x00000000e0000000, 0x00000000fb700000, 0x0000000100000000)
  eden space 402432K, 0% used [0x00000000e0000000,0x00000000e0000000,0x00000000f8900000)
  from space 18432K, 99% used [0x00000000fa000000,0x00000000fb1fa8c0,0x00000000fb200000)
  to   space 23552K, 0% used [0x00000000f8900000,0x00000000f8900000,0x00000000fa000000)
 ParOldGen       total 130048K, used 44647K [0x00000000a0000000, 0x00000000a7f00000, 0x00000000e0000000)
  object space 130048K, 34% used [0x00000000a0000000,0x00000000a2b99d20,0x00000000a7f00000)
 Metaspace       used 71255K, capacity 73334K, committed 73472K, reserved 1112064K
  class space    used 9430K, capacity 9900K, committed 9984K, reserved 1048576K
}
Event: 67.482 GC heap before
{Heap before GC invocations=22 (full 3):
 PSYoungGen      total 420864K, used 420842K [0x00000000e0000000, 0x00000000fb700000, 0x0000000100000000)
  eden space 402432K, 100% used [0x00000000e0000000,0x00000000f8900000,0x00000000f8900000)
  from space 18432K, 99% used [0x00000000fa000000,0x00000000fb1fa8c0,0x00000000fb200000)
  to   space 23552K, 0% used [0x00000000f8900000,0x00000000f8900000,0x00000000fa000000)
 ParOldGen       total 130048K, used 44647K [0x00000000a0000000, 0x00000000a7f00000, 0x00000000e0000000)
  object space 130048K, 34% used [0x00000000a0000000,0x00000000a2b99d20,0x00000000a7f00000)
 Metaspace       used 75783K, capacity 78552K, committed 78720K, reserved 1118208K
  class space    used 9899K, capacity 10544K, committed 10624K, reserved 1048576K
Event: 67.534 GC heap after
Heap after GC invocations=22 (full 3):
 PSYoungGen      total 425984K, used 23525K [0x00000000e0000000, 0x0000000100000000, 0x0000000100000000)
  eden space 402432K, 0% used [0x00000000e0000000,0x00000000e0000000,0x00000000f8900000)
  from space 23552K, 99% used [0x00000000f8900000,0x00000000f9ff97a8,0x00000000fa000000)
  to   space 34816K, 0% used [0x00000000fde00000,0x00000000fde00000,0x0000000100000000)
 ParOldGen       total 130048K, used 63794K [0x00000000a0000000, 0x00000000a7f00000, 0x00000000e0000000)
  object space 130048K, 49% used [0x00000000a0000000,0x00000000a3e4c8f0,0x00000000a7f00000)
 Metaspace       used 75783K, capacity 78552K, committed 78720K, reserved 1118208K
  class space    used 9899K, capacity 10544K, committed 10624K, reserved 1048576K
}

