# JRE version: OpenJDK Runtime Environment (8.0_212-b04) (build 1.8.0_212-release-1586-b04)
# Java VM: OpenJDK 64-Bit Server VM (25.212-b04 mixed mode windows-amd64 compressed oops)
Heap:
 PSYoungGen      total 296448K, used 146428K [0x00000000e0000000, 0x00000000f6300000, 0x0000000100000000)
  eden space 271360K, 49% used [0x00000000e0000000,0x00000000e824ccd0,0x00000000f0900000)
  from space 25088K, 51% used [0x00000000f0900000,0x00000000f15b2498,0x00000000f2180000)
  to   space 24064K, 0% used [0x00000000f4b80000,0x00000000f4b80000,0x00000000f6300000)
 ParOldGen       total 126464K, used 56729K [0x00000000a0000000, 0x00000000a7b80000, 0x00000000e0000000)
  object space 126464K, 44% used [0x00000000a0000000,0x00000000a3766480,0x00000000a7b80000)
 Metaspace       used 82868K, capacity 86828K, committed 86952K, reserved 1124352K
  class space    used 10954K, capacity 11677K, committed 11688K, reserved 1048576K
GC Heap History (10 events):
Event: 13.786 GC heap before
{Heap before GC invocations=16 (full 3):
 PSYoungGen      total 212480K, used 212361K [0x00000000e0000000, 0x00000000eee80000, 0x0000000100000000)
  eden space 195584K, 100% used [0x00000000e0000000,0x00000000ebf00000,0x00000000ebf00000)
  from space 16896K, 99% used [0x00000000ede00000,0x00000000eee625c8,0x00000000eee80000)
  to   space 20992K, 0% used [0x00000000ec580000,0x00000000ec580000,0x00000000eda00000)
 ParOldGen       total 126464K, used 36999K [0x00000000a0000000, 0x00000000a7b80000, 0x00000000e0000000)
  object space 126464K, 29% used [0x00000000a0000000,0x00000000a2421e38,0x00000000a7b80000)
 Metaspace       used 66272K, capacity 68802K, committed 69032K, reserved 1110016K
  class space    used 8842K, capacity 9368K, committed 9384K, reserved 1048576K
Event: 13.797 GC heap after
Heap after GC invocations=16 (full 3):
 PSYoungGen      total 223232K, used 12771K [0x00000000e0000000, 0x00000000f0900000, 0x0000000100000000)
  eden space 202240K, 0% used [0x00000000e0000000,0x00000000e0000000,0x00000000ec580000)
  from space 20992K, 60% used [0x00000000ec580000,0x00000000ed1f8ed8,0x00000000eda00000)
  to   space 20992K, 0% used [0x00000000ef480000,0x00000000ef480000,0x00000000f0900000)
 ParOldGen       total 126464K, used 37007K [0x00000000a0000000, 0x00000000a7b80000, 0x00000000e0000000)
  object space 126464K, 29% used [0x00000000a0000000,0x00000000a2423e38,0x00000000a7b80000)
 Metaspace       used 66272K, capacity 68802K, committed 69032K, reserved 1110016K
  class space    used 8842K, capacity 9368K, committed 9384K, reserved 1048576K
}
Event: 14.676 GC heap before
{Heap before GC invocations=17 (full 3):
 PSYoungGen      total 223232K, used 215011K [0x00000000e0000000, 0x00000000f0900000, 0x0000000100000000)
  eden space 202240K, 100% used [0x00000000e0000000,0x00000000ec580000,0x00000000ec580000)
  from space 20992K, 60% used [0x00000000ec580000,0x00000000ed1f8ed8,0x00000000eda00000)
  to   space 20992K, 0% used [0x00000000ef480000,0x00000000ef480000,0x00000000f0900000)
 ParOldGen       total 126464K, used 37007K [0x00000000a0000000, 0x00000000a7b80000, 0x00000000e0000000)
  object space 126464K, 29% used [0x00000000a0000000,0x00000000a2423e38,0x00000000a7b80000)
 Metaspace       used 66531K, capacity 69038K, committed 69160K, reserved 1110016K
  class space    used 8882K, capacity 9402K, committed 9512K, reserved 1048576K
Event: 14.685 GC heap after
Heap after GC invocations=17 (full 3):
 PSYoungGen      total 251392K, used 11204K [0x00000000e0000000, 0x00000000f0c80000, 0x0000000100000000)
  eden space 230400K, 0% used [0x00000000e0000000,0x00000000e0000000,0x00000000ee100000)
  from space 20992K, 53% used [0x00000000ef480000,0x00000000eff712e0,0x00000000f0900000)
  to   space 19968K, 0% used [0x00000000ee100000,0x00000000ee100000,0x00000000ef480000)
 ParOldGen       total 126464K, used 37015K [0x00000000a0000000, 0x00000000a7b80000, 0x00000000e0000000)
  object space 126464K, 29% used [0x00000000a0000000,0x00000000a2425e38,0x00000000a7b80000)
 Metaspace       used 66531K, capacity 69038K, committed 69160K, reserved 1110016K
  class space    used 8882K, capacity 9402K, committed 9512K, reserved 1048576K
}
Event: 17.157 GC heap before
{Heap before GC invocations=18 (full 3):
 PSYoungGen      total 251392K, used 241604K [0x00000000e0000000, 0x00000000f0c80000, 0x0000000100000000)
  eden space 230400K, 100% used [0x00000000e0000000,0x00000000ee100000,0x00000000ee100000)
  from space 20992K, 53% used [0x00000000ef480000,0x00000000eff712e0,0x00000000f0900000)
  to   space 19968K, 0% used [0x00000000ee100000,0x00000000ee100000,0x00000000ef480000)
 ParOldGen       total 126464K, used 37015K [0x00000000a0000000, 0x00000000a7b80000, 0x00000000e0000000)
  object space 126464K, 29% used [0x00000000a0000000,0x00000000a2425e38,0x00000000a7b80000)
 Metaspace       used 77969K, capacity 81166K, committed 81448K, reserved 1120256K
  class space    used 10354K, capacity 10980K, committed 11048K, reserved 1048576K
Event: 17.202 GC heap after
Heap after GC invocations=18 (full 3):
 PSYoungGen      total 250368K, used 19939K [0x00000000e0000000, 0x00000000f3b00000, 0x0000000100000000)
  eden space 230400K, 0% used [0x00000000e0000000,0x00000000e0000000,0x00000000ee100000)
  from space 19968K, 99% used [0x00000000ee100000,0x00000000ef478d50,0x00000000ef480000)
  to   space 26112K, 0% used [0x00000000f2180000,0x00000000f2180000,0x00000000f3b00000)
 ParOldGen       total 126464K, used 46667K [0x00000000a0000000, 0x00000000a7b80000, 0x00000000e0000000)
  object space 126464K, 36% used [0x00000000a0000000,0x00000000a2d92c10,0x00000000a7b80000)
 Metaspace       used 77969K, capacity 81166K, committed 81448K, reserved 1120256K
  class space    used 10354K, capacity 10980K, committed 11048K, reserved 1048576K
}
Event: 18.431 GC heap before
{Heap before GC invocations=19 (full 3):
 PSYoungGen      total 250368K, used 250339K [0x00000000e0000000, 0x00000000f3b00000, 0x0000000100000000)
  eden space 230400K, 100% used [0x00000000e0000000,0x00000000ee100000,0x00000000ee100000)
  from space 19968K, 99% used [0x00000000ee100000,0x00000000ef478d50,0x00000000ef480000)
  to   space 26112K, 0% used [0x00000000f2180000,0x00000000f2180000,0x00000000f3b00000)
 ParOldGen       total 126464K, used 46667K [0x00000000a0000000, 0x00000000a7b80000, 0x00000000e0000000)
  object space 126464K, 36% used [0x00000000a0000000,0x00000000a2d92c10,0x00000000a7b80000)
 Metaspace       used 82075K, capacity 85954K, committed 86184K, reserved 1124352K
  class space    used 10918K, capacity 11666K, committed 11688K, reserved 1048576K
Event: 18.478 GC heap after
Heap after GC invocations=19 (full 3):
 PSYoungGen      total 297472K, used 13072K [0x00000000e0000000, 0x00000000f4380000, 0x0000000100000000)
  eden space 271360K, 0% used [0x00000000e0000000,0x00000000e0000000,0x00000000f0900000)
  from space 26112K, 50% used [0x00000000f2180000,0x00000000f2e44200,0x00000000f3b00000)
  to   space 25088K, 0% used [0x00000000f0900000,0x00000000f0900000,0x00000000f2180000)
 ParOldGen       total 126464K, used 56721K [0x00000000a0000000, 0x00000000a7b80000, 0x00000000e0000000)
  object space 126464K, 44% used [0x00000000a0000000,0x00000000a3764480,0x00000000a7b80000)
 Metaspace       used 82075K, capacity 85954K, committed 86184K, reserved 1124352K
  class space    used 10918K, capacity 11666K, committed 11688K, reserved 1048576K
}
Event: 19.259 GC heap before
{Heap before GC invocations=20 (full 3):
 PSYoungGen      total 297472K, used 284432K [0x00000000e0000000, 0x00000000f4380000, 0x0000000100000000)
  eden space 271360K, 100% used [0x00000000e0000000,0x00000000f0900000,0x00000000f0900000)
  from space 26112K, 50% used [0x00000000f2180000,0x00000000f2e44200,0x00000000f3b00000)
  to   space 25088K, 0% used [0x00000000f0900000,0x00000000f0900000,0x00000000f2180000)
 ParOldGen       total 126464K, used 56721K [0x00000000a0000000, 0x00000000a7b80000, 0x00000000e0000000)
  object space 126464K, 44% used [0x00000000a0000000,0x00000000a3764480,0x00000000a7b80000)
 Metaspace       used 82462K, capacity 86340K, committed 86440K, reserved 1124352K
  class space    used 10933K, capacity 11673K, committed 11688K, reserved 1048576K
Event: 19.287 GC heap after
Heap after GC invocations=20 (full 3):
 PSYoungGen      total 296448K, used 13001K [0x00000000e0000000, 0x00000000f6300000, 0x0000000100000000)
  eden space 271360K, 0% used [0x00000000e0000000,0x00000000e0000000,0x00000000f0900000)
  from space 25088K, 51% used [0x00000000f0900000,0x00000000f15b2498,0x00000000f2180000)
  to   space 24064K, 0% used [0x00000000f4b80000,0x00000000f4b80000,0x00000000f6300000)
 ParOldGen       total 126464K, used 56729K [0x00000000a0000000, 0x00000000a7b80000, 0x00000000e0000000)
  object space 126464K, 44% used [0x00000000a0000000,0x00000000a3766480,0x00000000a7b80000)
 Metaspace       used 82462K, capacity 86340K, committed 86440K, reserved 1124352K
  class space    used 10933K, capacity 11673K, committed 11688K, reserved 1048576K
}

