# JRE version: OpenJDK Runtime Environment (8.0_212-b04) (build 1.8.0_212-release-1586-b04)
# Java VM: OpenJDK 64-Bit Server VM (25.212-b04 mixed mode windows-amd64 compressed oops)
Heap:
 PSYoungGen      total 281088K, used 109186K [0x00000000e0000000, 0x00000000f5f80000, 0x0000000100000000)
  eden space 254976K, 36% used [0x00000000e0000000,0x00000000e5a45270,0x00000000ef900000)
  from space 26112K, 64% used [0x00000000f1480000,0x00000000f24db5e0,0x00000000f2e00000)
  to   space 28160K, 0% used [0x00000000ef900000,0x00000000ef900000,0x00000000f1480000)
 ParOldGen       total 131584K, used 55788K [0x00000000a0000000, 0x00000000a8080000, 0x00000000e0000000)
  object space 131584K, 42% used [0x00000000a0000000,0x00000000a367b100,0x00000000a8080000)
 Metaspace       used 82888K, capacity 86892K, committed 87064K, reserved 1124352K
  class space    used 10967K, capacity 11743K, committed 11816K, reserved 1048576K
GC Heap History (10 events):
Event: 14.767 GC heap before
{Heap before GC invocations=17 (full 3):
 PSYoungGen      total 209408K, used 201701K [0x00000000e0000000, 0x00000000ef900000, 0x0000000100000000)
  eden space 188416K, 100% used [0x00000000e0000000,0x00000000eb800000,0x00000000eb800000)
  from space 20992K, 63% used [0x00000000eb800000,0x00000000ec4f96e8,0x00000000ecc80000)
  to   space 20992K, 0% used [0x00000000ee480000,0x00000000ee480000,0x00000000ef900000)
 ParOldGen       total 131584K, used 36819K [0x00000000a0000000, 0x00000000a8080000, 0x00000000e0000000)
  object space 131584K, 27% used [0x00000000a0000000,0x00000000a23f4dc0,0x00000000a8080000)
 Metaspace       used 76167K, capacity 79046K, committed 79384K, reserved 1118208K
  class space    used 10072K, capacity 10704K, committed 10792K, reserved 1048576K
Event: 14.798 GC heap after
Heap after GC invocations=17 (full 3):
 PSYoungGen      total 227328K, used 20987K [0x00000000e0000000, 0x00000000f0d00000, 0x0000000100000000)
  eden space 206336K, 0% used [0x00000000e0000000,0x00000000e0000000,0x00000000ec980000)
  from space 20992K, 99% used [0x00000000ee480000,0x00000000ef8fef08,0x00000000ef900000)
  to   space 27648K, 0% used [0x00000000ec980000,0x00000000ec980000,0x00000000ee480000)
 ParOldGen       total 131584K, used 47863K [0x00000000a0000000, 0x00000000a8080000, 0x00000000e0000000)
  object space 131584K, 36% used [0x00000000a0000000,0x00000000a2ebdfa0,0x00000000a8080000)
 Metaspace       used 76167K, capacity 79046K, committed 79384K, reserved 1118208K
  class space    used 10072K, capacity 10704K, committed 10792K, reserved 1048576K
}
Event: 15.744 GC heap before
{Heap before GC invocations=18 (full 3):
 PSYoungGen      total 227328K, used 227323K [0x00000000e0000000, 0x00000000f0d00000, 0x0000000100000000)
  eden space 206336K, 100% used [0x00000000e0000000,0x00000000ec980000,0x00000000ec980000)
  from space 20992K, 99% used [0x00000000ee480000,0x00000000ef8fef08,0x00000000ef900000)
  to   space 27648K, 0% used [0x00000000ec980000,0x00000000ec980000,0x00000000ee480000)
 ParOldGen       total 131584K, used 47863K [0x00000000a0000000, 0x00000000a8080000, 0x00000000e0000000)
  object space 131584K, 36% used [0x00000000a0000000,0x00000000a2ebdfa0,0x00000000a8080000)
 Metaspace       used 80384K, capacity 83976K, committed 84248K, reserved 1122304K
  class space    used 10758K, capacity 11465K, committed 11560K, reserved 1048576K
Event: 15.791 GC heap after
Heap after GC invocations=18 (full 3):
 PSYoungGen      total 233984K, used 17484K [0x00000000e0000000, 0x00000000f3000000, 0x0000000100000000)
  eden space 206336K, 0% used [0x00000000e0000000,0x00000000e0000000,0x00000000ec980000)
  from space 27648K, 63% used [0x00000000ec980000,0x00000000eda931f8,0x00000000ee480000)
  to   space 28160K, 0% used [0x00000000f1480000,0x00000000f1480000,0x00000000f3000000)
 ParOldGen       total 131584K, used 55764K [0x00000000a0000000, 0x00000000a8080000, 0x00000000e0000000)
  object space 131584K, 42% used [0x00000000a0000000,0x00000000a3675100,0x00000000a8080000)
 Metaspace       used 80384K, capacity 83976K, committed 84248K, reserved 1122304K
  class space    used 10758K, capacity 11465K, committed 11560K, reserved 1048576K
}
Event: 16.723 GC heap before
{Heap before GC invocations=19 (full 3):
 PSYoungGen      total 233984K, used 223820K [0x00000000e0000000, 0x00000000f3000000, 0x0000000100000000)
  eden space 206336K, 100% used [0x00000000e0000000,0x00000000ec980000,0x00000000ec980000)
  from space 27648K, 63% used [0x00000000ec980000,0x00000000eda931f8,0x00000000ee480000)
  to   space 28160K, 0% used [0x00000000f1480000,0x00000000f1480000,0x00000000f3000000)
 ParOldGen       total 131584K, used 55764K [0x00000000a0000000, 0x00000000a8080000, 0x00000000e0000000)
  object space 131584K, 42% used [0x00000000a0000000,0x00000000a3675100,0x00000000a8080000)
 Metaspace       used 81565K, capacity 85542K, committed 85656K, reserved 1124352K
  class space    used 10900K, capacity 11684K, committed 11688K, reserved 1048576K
Event: 16.742 GC heap after
Heap after GC invocations=19 (full 3):
 PSYoungGen      total 280064K, used 15740K [0x00000000e0000000, 0x00000000f2e00000, 0x0000000100000000)
  eden space 253952K, 0% used [0x00000000e0000000,0x00000000e0000000,0x00000000ef800000)
  from space 26112K, 60% used [0x00000000f1480000,0x00000000f23df398,0x00000000f2e00000)
  to   space 27648K, 0% used [0x00000000ef800000,0x00000000ef800000,0x00000000f1300000)
 ParOldGen       total 131584K, used 55772K [0x00000000a0000000, 0x00000000a8080000, 0x00000000e0000000)
  object space 131584K, 42% used [0x00000000a0000000,0x00000000a3677100,0x00000000a8080000)
 Metaspace       used 81565K, capacity 85542K, committed 85656K, reserved 1124352K
  class space    used 10900K, capacity 11684K, committed 11688K, reserved 1048576K
}
Event: 17.302 GC heap before
{Heap before GC invocations=20 (full 3):
 PSYoungGen      total 280064K, used 269692K [0x00000000e0000000, 0x00000000f2e00000, 0x0000000100000000)
  eden space 253952K, 100% used [0x00000000e0000000,0x00000000ef800000,0x00000000ef800000)
  from space 26112K, 60% used [0x00000000f1480000,0x00000000f23df398,0x00000000f2e00000)
  to   space 27648K, 0% used [0x00000000ef800000,0x00000000ef800000,0x00000000f1300000)
 ParOldGen       total 131584K, used 55772K [0x00000000a0000000, 0x00000000a8080000, 0x00000000e0000000)
  object space 131584K, 42% used [0x00000000a0000000,0x00000000a3677100,0x00000000a8080000)
 Metaspace       used 82332K, capacity 86270K, committed 86552K, reserved 1124352K
  class space    used 10966K, capacity 11742K, committed 11816K, reserved 1048576K
Event: 17.330 GC heap after
Heap after GC invocations=20 (full 3):
 PSYoungGen      total 281600K, used 20699K [0x00000000e0000000, 0x00000000f2e00000, 0x0000000100000000)
  eden space 253952K, 0% used [0x00000000e0000000,0x00000000e0000000,0x00000000ef800000)
  from space 27648K, 74% used [0x00000000ef800000,0x00000000f0c36d40,0x00000000f1300000)
  to   space 26112K, 0% used [0x00000000f1480000,0x00000000f1480000,0x00000000f2e00000)
 ParOldGen       total 131584K, used 55780K [0x00000000a0000000, 0x00000000a8080000, 0x00000000e0000000)
  object space 131584K, 42% used [0x00000000a0000000,0x00000000a3679100,0x00000000a8080000)
 Metaspace       used 82332K, capacity 86270K, committed 86552K, reserved 1124352K
  class space    used 10966K, capacity 11742K, committed 11816K, reserved 1048576K
}
Event: 18.087 GC heap before
{Heap before GC invocations=21 (full 3):
 PSYoungGen      total 281600K, used 274651K [0x00000000e0000000, 0x00000000f2e00000, 0x0000000100000000)
  eden space 253952K, 100% used [0x00000000e0000000,0x00000000ef800000,0x00000000ef800000)
  from space 27648K, 74% used [0x00000000ef800000,0x00000000f0c36d40,0x00000000f1300000)
  to   space 26112K, 0% used [0x00000000f1480000,0x00000000f1480000,0x00000000f2e00000)
 ParOldGen       total 131584K, used 55780K [0x00000000a0000000, 0x00000000a8080000, 0x00000000e0000000)
  object space 131584K, 42% used [0x00000000a0000000,0x00000000a3679100,0x00000000a8080000)
 Metaspace       used 82832K, capacity 86828K, committed 87064K, reserved 1124352K
  class space    used 10967K, capacity 11743K, committed 11816K, reserved 1048576K
Event: 18.123 GC heap after
Heap after GC invocations=21 (full 3):
 PSYoungGen      total 281088K, used 16749K [0x00000000e0000000, 0x00000000f5f80000, 0x0000000100000000)
  eden space 254976K, 0% used [0x00000000e0000000,0x00000000e0000000,0x00000000ef900000)
  from space 26112K, 64% used [0x00000000f1480000,0x00000000f24db5e0,0x00000000f2e00000)
  to   space 28160K, 0% used [0x00000000ef900000,0x00000000ef900000,0x00000000f1480000)
 ParOldGen       total 131584K, used 55788K [0x00000000a0000000, 0x00000000a8080000, 0x00000000e0000000)
  object space 131584K, 42% used [0x00000000a0000000,0x00000000a367b100,0x00000000a8080000)
 Metaspace       used 82832K, capacity 86828K, committed 87064K, reserved 1124352K
  class space    used 10967K, capacity 11743K, committed 11816K, reserved 1048576K
}

